0 info it worked if it ends with ok
1 verbose cli [ '/usr/local/bin/node',
1 verbose cli   '/usr/local/bin/npm',
1 verbose cli   'install',
1 verbose cli   '-g',
1 verbose cli   'bower' ]
2 info using npm@4.1.2
3 info using node@v7.4.0
4 silly loadCurrentTree Starting
5 silly install loadCurrentTree
6 silly install readGlobalPackageData
7 silly fetchPackageMetaData bower
8 silly fetchNamedPackageData bower
9 silly mapToRegistry name bower
10 silly mapToRegistry using default registry
11 silly mapToRegistry registry https://registry.npmjs.org/
12 silly mapToRegistry data Result {
12 silly mapToRegistry   raw: 'bower',
12 silly mapToRegistry   scope: null,
12 silly mapToRegistry   escapedName: 'bower',
12 silly mapToRegistry   name: 'bower',
12 silly mapToRegistry   rawSpec: '',
12 silly mapToRegistry   spec: 'latest',
12 silly mapToRegistry   type: 'tag' }
13 silly mapToRegistry uri https://registry.npmjs.org/bower
14 verbose request uri https://registry.npmjs.org/bower
15 verbose request no auth needed
16 info attempt registry request try #1 at 2:52:36 PM
17 verbose request using bearer token for auth
18 verbose request id fc3b32fe0e71c90e
19 verbose etag W/"58d27bac-2af5f"
20 verbose lastModified Wed, 22 Mar 2017 13:27:08 GMT
21 http request GET https://registry.npmjs.org/bower
22 http 304 https://registry.npmjs.org/bower
23 verbose headers { server: 'nginx/1.10.1',
23 verbose headers   'last-modified': 'Wed, 22 Mar 2017 13:27:08 GMT',
23 verbose headers   etag: '"58d27bac-2af5f"',
23 verbose headers   'cache-control': 'max-age=300',
23 verbose headers   'accept-ranges': 'bytes',
23 verbose headers   date: 'Thu, 23 Mar 2017 07:52:36 GMT',
23 verbose headers   via: '1.1 varnish',
23 verbose headers   connection: 'keep-alive',
23 verbose headers   'x-served-by': 'cache-sin18031-SIN',
23 verbose headers   'x-cache': 'MISS',
23 verbose headers   'x-cache-hits': '0',
23 verbose headers   'x-timer': 'S1490255556.368792,VS0,VE104',
23 verbose headers   vary: 'Accept-Encoding' }
24 silly get cb [ 304,
24 silly get   { server: 'nginx/1.10.1',
24 silly get     'last-modified': 'Wed, 22 Mar 2017 13:27:08 GMT',
24 silly get     etag: '"58d27bac-2af5f"',
24 silly get     'cache-control': 'max-age=300',
24 silly get     'accept-ranges': 'bytes',
24 silly get     date: 'Thu, 23 Mar 2017 07:52:36 GMT',
24 silly get     via: '1.1 varnish',
24 silly get     connection: 'keep-alive',
24 silly get     'x-served-by': 'cache-sin18031-SIN',
24 silly get     'x-cache': 'MISS',
24 silly get     'x-cache-hits': '0',
24 silly get     'x-timer': 'S1490255556.368792,VS0,VE104',
24 silly get     vary: 'Accept-Encoding' } ]
25 verbose etag https://registry.npmjs.org/bower from cache
26 verbose get saving bower to /home/endy/.npm/registry.npmjs.org/bower/.cache.json
27 verbose correctMkdir /home/endy/.npm correctMkdir not in flight; initializing
28 silly install normalizeTree
29 silly loadCurrentTree Finishing
30 silly loadIdealTree Starting
31 silly install loadIdealTree
32 silly cloneCurrentTree Starting
33 silly install cloneCurrentTreeToIdealTree
34 silly cloneCurrentTree Finishing
35 silly loadShrinkwrap Starting
36 silly install loadShrinkwrap
37 silly loadShrinkwrap Finishing
38 silly loadAllDepsIntoIdealTree Starting
39 silly install loadAllDepsIntoIdealTree
40 silly resolveWithNewModule bower@1.8.0 checking installable status
41 silly cache add args [ 'bower', null ]
42 verbose cache add spec bower
43 silly cache add parsed spec Result {
43 silly cache add   raw: 'bower',
43 silly cache add   scope: null,
43 silly cache add   escapedName: 'bower',
43 silly cache add   name: 'bower',
43 silly cache add   rawSpec: '',
43 silly cache add   spec: 'latest',
43 silly cache add   type: 'tag' }
44 silly addNamed bower@latest
45 verbose addNamed "latest" is being treated as a dist-tag for bower
46 info addNameTag [ 'bower', 'latest' ]
47 silly mapToRegistry name bower
48 silly mapToRegistry using default registry
49 silly mapToRegistry registry https://registry.npmjs.org/
50 silly mapToRegistry data Result {
50 silly mapToRegistry   raw: 'bower',
50 silly mapToRegistry   scope: null,
50 silly mapToRegistry   escapedName: 'bower',
50 silly mapToRegistry   name: 'bower',
50 silly mapToRegistry   rawSpec: '',
50 silly mapToRegistry   spec: 'latest',
50 silly mapToRegistry   type: 'tag' }
51 silly mapToRegistry uri https://registry.npmjs.org/bower
52 verbose addNameTag registry:https://registry.npmjs.org/bower not in flight; fetching
53 verbose get https://registry.npmjs.org/bower not expired, no request
54 silly addNameTag next cb for bower with tag latest
55 silly addNamed bower@1.8.0
56 verbose addNamed "1.8.0" is a plain semver version for bower
57 silly cache afterAdd bower@1.8.0
58 verbose afterAdd /home/endy/.npm/bower/1.8.0/package/package.json not in flight; writing
59 verbose correctMkdir /home/endy/.npm correctMkdir not in flight; initializing
60 verbose afterAdd /home/endy/.npm/bower/1.8.0/package/package.json written
61 silly loadAllDepsIntoIdealTree Finishing
62 silly loadIdealTree Finishing
63 silly currentTree lib
63 silly currentTree └── bower@1.8.0
64 silly idealTree lib
64 silly idealTree └── bower@1.8.0
65 silly generateActionsToTake Starting
66 silly install generateActionsToTake
67 warn checkPermissions Missing write access to /usr/local/lib/node_modules/bower
68 warn checkPermissions Missing write access to /usr/local/lib/node_modules
69 silly rollbackFailedOptional Starting
70 silly rollbackFailedOptional Finishing
71 silly runTopLevelLifecycles Finishing
72 silly install printInstalled
73 verbose stack Error: EACCES: permission denied, access '/usr/local/lib/node_modules/bower'
74 verbose cwd /home/endy/darwins-fox-2017/phase 2/week4/jumat/fina-live-code/client
75 error Linux 4.4.0-66-generic
76 error argv "/usr/local/bin/node" "/usr/local/bin/npm" "install" "-g" "bower"
77 error node v7.4.0
78 error npm  v4.1.2
79 error path /usr/local/lib/node_modules/bower
80 error code EACCES
81 error errno -13
82 error syscall access
83 error Error: EACCES: permission denied, access '/usr/local/lib/node_modules/bower'
83 error  { Error: EACCES: permission denied, access '/usr/local/lib/node_modules/bower'
83 error   errno: -13,
83 error   code: 'EACCES',
83 error   syscall: 'access',
83 error   path: '/usr/local/lib/node_modules/bower' }
84 error Please try running this command again as root/Administrator.
85 verbose exit [ -13, true ]
